[2024-06-24T09:32:42.622122+00:00] emensaLog.INFO: Werbeseite wurde aufgerufen: localhost:9090/werbeseite [] []
[2024-06-24T09:32:44.127383+00:00] emensaLog.INFO: Werbeseite wurde aufgerufen: localhost:9090/werbeseite [] []
[2024-06-24T09:32:54.370569+00:00] emensaLog.INFO: Werbeseite wurde aufgerufen: localhost:9090/werbeseite [] []
[2024-06-24T09:35:30.559343+00:00] emensaLog.INFO: Werbeseite wurde aufgerufen: localhost:9090/anmeldung [] []
[2024-06-24T09:42:35.579751+00:00] emensaLog.WARNING: Anmeldung fehlgeschlagen: E-Mail oder Passwort falsch. [] []
[2024-06-24T09:42:35.628452+00:00] emensaLog.INFO: Werbeseite wurde aufgerufen: localhost:9090/anmeldung [] []
[2024-06-24T09:44:23.806808+00:00] emensaLog.INFO: Werbeseite wurde aufgerufen: localhost:9090/anmeldung [] []
[2024-06-24T09:45:33.151990+00:00] emensaLog.INFO: Werbeseite wurde aufgerufen: localhost:9090/werbeseite [] []
[2024-06-24T09:45:34.504625+00:00] emensaLog.INFO: Werbeseite wurde aufgerufen: localhost:9090/anmeldung [] []
[2024-06-24T09:45:44.562887+00:00] emensaLog.INFO: Erfolgreich angemeldet [] []
[2024-06-24T09:45:44.690602+00:00] emensaLog.INFO: Werbeseite wurde aufgerufen: localhost:9090/werbeseite [] []
[2024-06-24T09:50:56.721060+00:00] emensaLog.INFO: Werbeseite wurde aufgerufen: localhost:9090/werbeseite [] []
[2024-06-24T09:50:58.031922+00:00] emensaLog.INFO: Werbeseite wurde aufgerufen: localhost:9090/anmeldung [] []
[2024-06-24T09:51:05.392581+00:00] emensaLog.INFO: Erfolgreich angemeldet [] []
[2024-06-24T09:51:05.490877+00:00] emensaLog.INFO: Werbeseite wurde aufgerufen: localhost:9090/werbeseite [] []
[2024-06-24T10:01:03.762406+00:00] emensaLog.INFO: Werbeseite wurde aufgerufen: localhost:9090/anmeldung [] []
[2024-06-24T10:01:15.259382+00:00] emensaLog.INFO: Erfolgreich angemeldet [] []
[2024-06-24T10:01:15.379015+00:00] emensaLog.INFO: Werbeseite wurde aufgerufen: localhost:9090/werbeseite [] []
[2024-06-24T10:01:27.323160+00:00] emensaLog.INFO: Werbeseite wurde aufgerufen: localhost:9090/werbeseite [] []
[2024-06-24T10:01:28.289814+00:00] emensaLog.INFO: Werbeseite wurde aufgerufen: localhost:9090/anmeldung [] []
[2024-06-24T10:01:36.984155+00:00] emensaLog.WARNING: Anmeldung fehlgeschlagen: E-Mail oder Passwort falsch. [] []
[2024-06-24T10:01:37.030705+00:00] emensaLog.INFO: Werbeseite wurde aufgerufen: localhost:9090/anmeldung [] []
[2024-06-24T10:01:48.595188+00:00] emensaLog.INFO: Erfolgreich angemeldet [] []
[2024-06-24T10:01:48.699684+00:00] emensaLog.INFO: Werbeseite wurde aufgerufen: localhost:9090/werbeseite [] []
[2024-06-24T10:09:32.778544+00:00] emensaLog.INFO: Werbeseite wurde aufgerufen: localhost:9090/werbeseite [] []
[2024-06-24T10:09:34.214379+00:00] emensaLog.INFO: Werbeseite wurde aufgerufen: localhost:9090/werbeseite [] []
[2024-06-24T10:09:34.525304+00:00] emensaLog.INFO: Werbeseite wurde aufgerufen: localhost:9090/werbeseite [] []
[2024-06-24T10:11:45.357283+00:00] emensaLog.INFO: Werbeseite wurde aufgerufen: localhost:9090/werbeseite [] []
[2024-06-24T10:11:46.590970+00:00] emensaLog.INFO: Werbeseite wurde aufgerufen: localhost:9090/anmeldung [] []
[2024-06-24T10:11:57.698869+00:00] emensaLog.INFO: Erfolgreich angemeldet [] []
[2024-06-24T10:11:57.778845+00:00] emensaLog.INFO: Werbeseite wurde aufgerufen: localhost:9090/werbeseite [] []
[2024-06-24T10:12:01.560056+00:00] emensaLog.INFO: Werbeseite wurde aufgerufen: localhost:9090/anmeldung [] []
[2024-06-24T10:20:31.031946+00:00] emensaLog.INFO: Werbeseite wurde aufgerufen: localhost:9090/werbeseite [] []
[2024-06-24T10:20:32.337910+00:00] emensaLog.INFO: Werbeseite wurde aufgerufen: localhost:9090/anmeldung [] []
[2024-06-24T10:20:43.054412+00:00] emensaLog.INFO: Erfolgreich angemeldet [] []
[2024-06-24T10:20:43.204594+00:00] emensaLog.INFO: Werbeseite wurde aufgerufen: localhost:9090/werbeseite [] []
[2024-06-24T10:20:49.583270+00:00] emensaLog.INFO: Werbeseite wurde aufgerufen: localhost:9090/anmeldung [] []
[2024-06-24T10:20:54.725105+00:00] emensaLog.WARNING: Anmeldung fehlgeschlagen: E-Mail oder Passwort falsch. [] []
[2024-06-24T10:20:54.764341+00:00] emensaLog.INFO: Werbeseite wurde aufgerufen: localhost:9090/anmeldung [] []
[2024-06-24T11:02:49.642118+00:00] emensaLog.INFO: Werbeseite wurde aufgerufen: localhost:9090/anmeldung [] []
[2024-06-24T11:02:58.839085+00:00] emensaLog.INFO: Erfolgreich angemeldet [] []
[2024-06-24T11:02:59.186312+00:00] emensaLog.INFO: Werbeseite wurde aufgerufen: localhost:9090/werbeseite [] []
[2024-06-24T11:03:32.497827+00:00] emensaLog.INFO: Werbeseite wurde aufgerufen: localhost:9090/anmeldung [] []
[2024-06-24T11:03:35.244698+00:00] emensaLog.WARNING: Anmeldung fehlgeschlagen: Felder nicht ausgefüllt [] []
[2024-06-24T11:03:35.274433+00:00] emensaLog.INFO: Werbeseite wurde aufgerufen: localhost:9090/anmeldung [] []
[2024-06-24T11:03:45.253581+00:00] emensaLog.INFO: Erfolgreich angemeldet [] []
[2024-06-24T11:03:45.339530+00:00] emensaLog.INFO: Werbeseite wurde aufgerufen: localhost:9090/werbeseite [] []
[2024-06-24T11:05:53.173221+00:00] emensaLog.INFO: Werbeseite wurde aufgerufen: localhost:9090/anmeldung [] []
[2024-06-24T11:06:01.136092+00:00] emensaLog.INFO: Werbeseite wurde aufgerufen: localhost:9090/werbeseite [] []
[2024-06-24T11:13:33.449882+00:00] emensaLog.INFO: Werbeseite wurde aufgerufen: localhost:9090/anmeldung [] []
[2024-06-24T11:13:40.406722+00:00] emensaLog.INFO: Erfolgreich angemeldet [] []
[2024-06-24T11:13:40.520500+00:00] emensaLog.INFO: Werbeseite wurde aufgerufen: localhost:9090/werbeseite [] []
[2024-06-24T11:14:24.652748+00:00] emensaLog.INFO: Werbeseite wurde aufgerufen: localhost:9090/anmeldung [] []
[2024-06-24T11:14:33.336728+00:00] emensaLog.INFO: Erfolgreich angemeldet [] []
[2024-06-24T11:14:33.678415+00:00] emensaLog.INFO: Werbeseite wurde aufgerufen: localhost:9090/werbeseite [] []
[2024-06-24T11:15:22.039763+00:00] emensaLog.INFO: Werbeseite wurde aufgerufen: localhost:9090/werbeseite [] []
[2024-06-24T11:15:23.117943+00:00] emensaLog.INFO: Werbeseite wurde aufgerufen: localhost:9090/werbeseite [] []
[2024-06-24T11:15:24.016579+00:00] emensaLog.INFO: Werbeseite wurde aufgerufen: localhost:9090/werbeseite [] []
[2024-06-24T11:15:24.359569+00:00] emensaLog.INFO: Werbeseite wurde aufgerufen: localhost:9090/werbeseite [] []
[2024-06-24T11:15:24.703486+00:00] emensaLog.INFO: Werbeseite wurde aufgerufen: localhost:9090/werbeseite [] []
[2024-06-24T11:15:25.043976+00:00] emensaLog.INFO: Werbeseite wurde aufgerufen: localhost:9090/werbeseite [] []
[2024-06-24T11:15:25.203433+00:00] emensaLog.INFO: Werbeseite wurde aufgerufen: localhost:9090/werbeseite [] []
[2024-06-24T11:16:58.132617+00:00] emensaLog.INFO: Werbeseite wurde aufgerufen: localhost:9090/werbeseite [] []
[2024-06-24T11:21:14.268128+00:00] emensaLog.INFO: Werbeseite wurde aufgerufen: localhost:9090/anmeldung [] []
[2024-06-24T11:21:24.519190+00:00] emensaLog.INFO: Erfolgreich angemeldet [] []
[2024-06-24T11:21:24.602568+00:00] emensaLog.INFO: Werbeseite wurde aufgerufen: localhost:9090/werbeseite [] []
[2024-06-24T11:28:34.696711+00:00] emensaLog.INFO: Werbeseite wurde aufgerufen: localhost:9090/werbeseite [] []
[2024-06-24T11:28:42.413106+00:00] emensaLog.INFO: Werbeseite wurde aufgerufen: localhost:9090/anmeldung [] []
[2024-06-24T11:28:51.148475+00:00] emensaLog.INFO: Erfolgreich angemeldet [] []
[2024-06-24T11:28:51.270279+00:00] emensaLog.INFO: Werbeseite wurde aufgerufen: localhost:9090/werbeseite [] []
[2024-06-24T11:29:39.004409+00:00] emensaLog.INFO: Werbeseite wurde aufgerufen: localhost:9090/werbeseite [] []
[2024-06-24T11:29:40.190293+00:00] emensaLog.INFO: Werbeseite wurde aufgerufen: localhost:9090/anmeldung [] []
[2024-06-24T11:29:46.704869+00:00] emensaLog.INFO: Erfolgreich angemeldet [] []
[2024-06-24T11:29:46.805562+00:00] emensaLog.INFO: Werbeseite wurde aufgerufen: localhost:9090/werbeseite [] []
[2024-06-24T11:33:27.724789+00:00] emensaLog.INFO: Werbeseite wurde aufgerufen: localhost:9090/werbeseite [] []
[2024-06-24T11:33:29.066100+00:00] emensaLog.INFO: Werbeseite wurde aufgerufen: localhost:9090/anmeldung [] []
[2024-06-24T11:33:37.942714+00:00] emensaLog.INFO: Erfolgreich angemeldet [] []
[2024-06-24T11:33:38.026029+00:00] emensaLog.INFO: Werbeseite wurde aufgerufen: localhost:9090/werbeseite [] []
[2024-06-24T11:33:47.415960+00:00] emensaLog.INFO: Werbeseite wurde aufgerufen: localhost:9090/anmeldung [] []
[2024-06-24T11:33:55.931215+00:00] emensaLog.INFO: Erfolgreich angemeldet [] []
[2024-06-24T11:33:56.036425+00:00] emensaLog.INFO: Werbeseite wurde aufgerufen: localhost:9090/werbeseite [] []
[2024-06-24T11:35:37.872269+00:00] emensaLog.INFO: Werbeseite wurde aufgerufen: localhost:9090/werbeseite [] []
[2024-06-24T11:35:39.715657+00:00] emensaLog.INFO: Werbeseite wurde aufgerufen: localhost:9090/anmeldung [] []
[2024-06-24T11:35:48.832928+00:00] emensaLog.INFO: Erfolgreich angemeldet [] []
[2024-06-24T11:35:48.937670+00:00] emensaLog.INFO: Werbeseite wurde aufgerufen: localhost:9090/werbeseite [] []
[2024-06-24T11:36:13.208450+00:00] emensaLog.INFO: Werbeseite wurde aufgerufen: localhost:9090/werbeseite [] []
[2024-06-24T11:40:03.501337+00:00] emensaLog.INFO: Werbeseite wurde aufgerufen: localhost:9090/werbeseite [] []
[2024-06-24T11:40:04.669572+00:00] emensaLog.INFO: Werbeseite wurde aufgerufen: localhost:9090/werbeseite [] []
[2024-06-24T11:40:05.059152+00:00] emensaLog.INFO: Werbeseite wurde aufgerufen: localhost:9090/werbeseite [] []
[2024-06-24T11:40:29.118404+00:00] emensaLog.INFO: Werbeseite wurde aufgerufen: localhost:9090/werbeseite [] []
[2024-06-24T13:38:20.775560+00:00] emensaLog.INFO: Werbeseite wurde aufgerufen: localhost:9090/werbeseite [] []
[2024-06-24T13:38:21.947661+00:00] emensaLog.INFO: Werbeseite wurde aufgerufen: localhost:9090/anmeldung [] []
[2024-06-24T13:38:35.012425+00:00] emensaLog.INFO: Erfolgreich angemeldet [] []
[2024-06-24T13:38:35.155721+00:00] emensaLog.INFO: Werbeseite wurde aufgerufen: localhost:9090/werbeseite [] []
[2024-06-24T13:38:41.976036+00:00] emensaLog.INFO: Erfolgreich abgemeldet [] []
[2024-06-24T13:38:42.114789+00:00] emensaLog.INFO: Werbeseite wurde aufgerufen: localhost:9090/werbeseite [] []
